2022-06-23 18:15:24.335 +04:30 [Information] Starting web host
2022-06-23 18:15:25.237 +04:30 [Information] Now listening on: "https://localhost:5001"
2022-06-23 18:15:25.291 +04:30 [Information] Now listening on: "http://localhost:5000"
2022-06-23 18:15:25.364 +04:30 [Information] Application started. Press Ctrl+C to shut down.
2022-06-23 18:15:25.388 +04:30 [Information] Hosting environment: "Development"
2022-06-23 18:15:25.389 +04:30 [Information] Content root path: "/home/maxena/Desktop/Projects/Margs/Margs.Api/"
2022-06-23 18:25:13.754 +04:30 [Information] Starting web host
2022-06-23 18:25:14.121 +04:30 [Fatal] Host terminated unexpectedly
Autofac.Core.Activators.Reflection.NoConstructorsFoundException: No accessible constructors were found for the type 'Serilog.Core.Logger'.
   at Autofac.Core.Activators.Reflection.DefaultConstructorFinder.GetDefaultPublicConstructors(Type type)
   at Autofac.Core.Activators.Reflection.DefaultConstructorFinder.FindConstructors(Type targetType)
   at Autofac.Core.Activators.Reflection.ReflectionActivator.ConfigurePipeline(IComponentRegistryServices componentRegistryServices, IResolvePipelineBuilder pipelineBuilder)
   at Autofac.Core.Registration.ComponentRegistration.BuildResolvePipeline(IComponentRegistryServices registryServices, IResolvePipelineBuilder pipelineBuilder)
   at Autofac.Core.Registration.ComponentRegistration.BuildResolvePipeline(IComponentRegistryServices registryServices)
   at Autofac.Core.Registration.ComponentRegistryBuilder.Build()
   at Autofac.ContainerBuilder.Build(ContainerBuildOptions options)
   at Autofac.Extensions.DependencyInjection.AutofacServiceProviderFactory.CreateServiceProvider(ContainerBuilder containerBuilder)
   at Microsoft.Extensions.Hosting.Internal.ServiceFactoryAdapter`1.CreateServiceProvider(Object containerBuilder)
   at Microsoft.Extensions.Hosting.HostBuilder.CreateServiceProvider()
   at Microsoft.Extensions.Hosting.HostBuilder.Build()
   at Microsoft.AspNetCore.Builder.WebApplicationBuilder.Build()
   at Program.<Main>$(String[] args) in /home/maxena/Desktop/Projects/Margs/Margs.Api/Program.cs:line 51
2022-06-23 18:35:36.108 +04:30 [Information] Starting web host
2022-06-23 18:35:36.913 +04:30 [Information] Now listening on: "https://localhost:5001"
2022-06-23 18:35:36.982 +04:30 [Information] Now listening on: "http://localhost:5000"
2022-06-23 18:35:36.985 +04:30 [Information] Application started. Press Ctrl+C to shut down.
2022-06-23 18:35:37.050 +04:30 [Information] Hosting environment: "Development"
2022-06-23 18:35:37.101 +04:30 [Information] Content root path: "/home/maxena/Desktop/Projects/Margs/Margs.Api/"
2022-06-23 18:42:44.709 +04:30 [Information] Starting web host
2022-06-23 18:42:45.703 +04:30 [Information] Now listening on: "https://localhost:5001"
2022-06-23 18:42:45.772 +04:30 [Information] Now listening on: "http://localhost:5000"
2022-06-23 18:42:45.780 +04:30 [Information] Application started. Press Ctrl+C to shut down.
2022-06-23 18:42:45.781 +04:30 [Information] Hosting environment: "Development"
2022-06-23 18:42:45.782 +04:30 [Information] Content root path: "/home/maxena/Desktop/Projects/Margs/Margs.Api/"
2022-06-23 18:46:29.326 +04:30 [Information] Starting web host
2022-06-23 18:46:30.199 +04:30 [Information] Now listening on: "https://localhost:5001"
2022-06-23 18:46:30.210 +04:30 [Information] Now listening on: "http://localhost:5000"
2022-06-23 18:46:30.213 +04:30 [Information] Application started. Press Ctrl+C to shut down.
2022-06-23 18:46:30.261 +04:30 [Information] Hosting environment: "Development"
2022-06-23 18:46:30.302 +04:30 [Information] Content root path: "/home/maxena/Desktop/Projects/Margs/Margs.Api/"
2022-06-23 18:46:30.965 +04:30 [Error] An unhandled exception has occurred while executing the request.
Swashbuckle.AspNetCore.SwaggerGen.SwaggerGeneratorException: Ambiguous HTTP method for action - Margs.Api.Controllers.AuthController.index (Margs.Api). Actions require an explicit HttpMethod binding for Swagger/OpenAPI 3.0
   at Swashbuckle.AspNetCore.SwaggerGen.SwaggerGenerator.GenerateOperations(IEnumerable`1 apiDescriptions, SchemaRepository schemaRepository)
   at Swashbuckle.AspNetCore.SwaggerGen.SwaggerGenerator.GeneratePaths(IEnumerable`1 apiDescriptions, SchemaRepository schemaRepository)
   at Swashbuckle.AspNetCore.SwaggerGen.SwaggerGenerator.GetSwagger(String documentName, String host, String basePath)
   at Swashbuckle.AspNetCore.Swagger.SwaggerMiddleware.Invoke(HttpContext httpContext, ISwaggerProvider swaggerProvider)
   at Microsoft.AspNetCore.Diagnostics.DeveloperExceptionPageMiddleware.Invoke(HttpContext context)
2022-06-23 18:46:59.615 +04:30 [Information] Starting web host
2022-06-23 18:47:00.423 +04:30 [Information] Now listening on: "https://localhost:5001"
2022-06-23 18:47:00.427 +04:30 [Information] Now listening on: "http://localhost:5000"
2022-06-23 18:47:00.513 +04:30 [Information] Application started. Press Ctrl+C to shut down.
2022-06-23 18:47:00.514 +04:30 [Information] Hosting environment: "Development"
2022-06-23 18:47:00.514 +04:30 [Information] Content root path: "/home/maxena/Desktop/Projects/Margs/Margs.Api/"
2022-06-23 18:58:04.101 +04:30 [Information] Starting web host
2022-06-23 18:58:05.364 +04:30 [Information] Now listening on: "https://localhost:5001"
2022-06-23 18:58:05.382 +04:30 [Information] Now listening on: "http://localhost:5000"
2022-06-23 18:58:05.422 +04:30 [Information] Application started. Press Ctrl+C to shut down.
2022-06-23 18:58:05.423 +04:30 [Information] Hosting environment: "Development"
2022-06-23 18:58:05.423 +04:30 [Information] Content root path: "/home/maxena/Desktop/Projects/Margs/Margs.Api/"
2022-06-23 18:59:56.171 +04:30 [Information] Starting web host
2022-06-23 18:59:57.659 +04:30 [Information] Now listening on: "https://localhost:5001"
2022-06-23 18:59:57.673 +04:30 [Information] Now listening on: "http://localhost:5000"
2022-06-23 18:59:57.768 +04:30 [Information] Application started. Press Ctrl+C to shut down.
2022-06-23 18:59:57.768 +04:30 [Information] Hosting environment: "Development"
2022-06-23 18:59:57.768 +04:30 [Information] Content root path: "/home/maxena/Desktop/Projects/Margs/Margs.Api/"
2022-06-23 19:00:02.712 +04:30 [Fatal] Fetal Test For Autofac Register Service
2022-06-23 19:00:02.720 +04:30 [Information] HTTP "GET" "/Auth/Test" responded 200 in 226.4569 ms
2022-06-23 19:17:04.552 +04:30 [Information] Starting web host
2022-06-23 19:17:04.704 +04:30 [Fatal] Host terminated unexpectedly
Microsoft.Extensions.Hosting.HostFactoryResolver+HostingListener+StopTheHostException: Exception of type 'Microsoft.Extensions.Hosting.HostFactoryResolver+HostingListener+StopTheHostException' was thrown.
   at Microsoft.Extensions.Hosting.HostFactoryResolver.HostingListener.OnNext(KeyValuePair`2 value)
   at System.Diagnostics.DiagnosticListener.Write(String name, Object value)
   at Microsoft.Extensions.Hosting.HostBuilder.Build()
   at Microsoft.AspNetCore.Builder.WebApplicationBuilder.Build()
   at Program.<Main>$(String[] args) in /home/maxena/Desktop/Projects/Margs/Margs.Api/Program.cs:line 51
2022-06-23 19:28:08.179 +04:30 [Information] Starting web host
2022-06-23 19:28:08.328 +04:30 [Fatal] Host terminated unexpectedly
Microsoft.Extensions.Hosting.HostFactoryResolver+HostingListener+StopTheHostException: Exception of type 'Microsoft.Extensions.Hosting.HostFactoryResolver+HostingListener+StopTheHostException' was thrown.
   at Microsoft.Extensions.Hosting.HostFactoryResolver.HostingListener.OnNext(KeyValuePair`2 value)
   at System.Diagnostics.DiagnosticListener.Write(String name, Object value)
   at Microsoft.Extensions.Hosting.HostBuilder.Build()
   at Microsoft.AspNetCore.Builder.WebApplicationBuilder.Build()
   at Program.<Main>$(String[] args) in /home/maxena/Desktop/Projects/Margs/Margs.Api/Program.cs:line 51
2022-06-23 19:37:38.695 +04:30 [Information] Starting web host
2022-06-23 19:37:38.846 +04:30 [Fatal] Host terminated unexpectedly
Microsoft.Extensions.Hosting.HostFactoryResolver+HostingListener+StopTheHostException: Exception of type 'Microsoft.Extensions.Hosting.HostFactoryResolver+HostingListener+StopTheHostException' was thrown.
   at Microsoft.Extensions.Hosting.HostFactoryResolver.HostingListener.OnNext(KeyValuePair`2 value)
   at System.Diagnostics.DiagnosticListener.Write(String name, Object value)
   at Microsoft.Extensions.Hosting.HostBuilder.Build()
   at Microsoft.AspNetCore.Builder.WebApplicationBuilder.Build()
   at Program.<Main>$(String[] args) in /home/maxena/Desktop/Projects/Margs/Margs.Api/Program.cs:line 51
2022-06-23 19:39:08.991 +04:30 [Information] Starting web host
2022-06-23 19:39:09.143 +04:30 [Fatal] Host terminated unexpectedly
Microsoft.Extensions.Hosting.HostFactoryResolver+HostingListener+StopTheHostException: Exception of type 'Microsoft.Extensions.Hosting.HostFactoryResolver+HostingListener+StopTheHostException' was thrown.
   at Microsoft.Extensions.Hosting.HostFactoryResolver.HostingListener.OnNext(KeyValuePair`2 value)
   at System.Diagnostics.DiagnosticListener.Write(String name, Object value)
   at Microsoft.Extensions.Hosting.HostBuilder.Build()
   at Microsoft.AspNetCore.Builder.WebApplicationBuilder.Build()
   at Program.<Main>$(String[] args) in /home/maxena/Desktop/Projects/Margs/Margs.Api/Program.cs:line 51
2022-06-23 19:40:07.043 +04:30 [Information] Starting web host
2022-06-23 19:40:07.199 +04:30 [Fatal] Host terminated unexpectedly
Microsoft.Extensions.Hosting.HostFactoryResolver+HostingListener+StopTheHostException: Exception of type 'Microsoft.Extensions.Hosting.HostFactoryResolver+HostingListener+StopTheHostException' was thrown.
   at Microsoft.Extensions.Hosting.HostFactoryResolver.HostingListener.OnNext(KeyValuePair`2 value)
   at System.Diagnostics.DiagnosticListener.Write(String name, Object value)
   at Microsoft.Extensions.Hosting.HostBuilder.Build()
   at Microsoft.AspNetCore.Builder.WebApplicationBuilder.Build()
   at Program.<Main>$(String[] args) in /home/maxena/Desktop/Projects/Margs/Margs.Api/Program.cs:line 51
2022-06-23 19:43:55.741 +04:30 [Information] Starting web host
2022-06-23 19:43:55.897 +04:30 [Fatal] Host terminated unexpectedly
Microsoft.Extensions.Hosting.HostFactoryResolver+HostingListener+StopTheHostException: Exception of type 'Microsoft.Extensions.Hosting.HostFactoryResolver+HostingListener+StopTheHostException' was thrown.
   at Microsoft.Extensions.Hosting.HostFactoryResolver.HostingListener.OnNext(KeyValuePair`2 value)
   at System.Diagnostics.DiagnosticListener.Write(String name, Object value)
   at Microsoft.Extensions.Hosting.HostBuilder.Build()
   at Microsoft.AspNetCore.Builder.WebApplicationBuilder.Build()
   at Program.<Main>$(String[] args) in /home/maxena/Desktop/Projects/Margs/Margs.Api/Program.cs:line 51
2022-06-23 19:44:13.343 +04:30 [Information] Starting web host
2022-06-23 19:44:13.503 +04:30 [Fatal] Host terminated unexpectedly
Microsoft.Extensions.Hosting.HostFactoryResolver+HostingListener+StopTheHostException: Exception of type 'Microsoft.Extensions.Hosting.HostFactoryResolver+HostingListener+StopTheHostException' was thrown.
   at Microsoft.Extensions.Hosting.HostFactoryResolver.HostingListener.OnNext(KeyValuePair`2 value)
   at System.Diagnostics.DiagnosticListener.Write(String name, Object value)
   at Microsoft.Extensions.Hosting.HostBuilder.Build()
   at Microsoft.AspNetCore.Builder.WebApplicationBuilder.Build()
   at Program.<Main>$(String[] args) in /home/maxena/Desktop/Projects/Margs/Margs.Api/Program.cs:line 51
2022-06-23 19:44:39.017 +04:30 [Information] Starting web host
2022-06-23 19:44:39.176 +04:30 [Fatal] Host terminated unexpectedly
Microsoft.Extensions.Hosting.HostFactoryResolver+HostingListener+StopTheHostException: Exception of type 'Microsoft.Extensions.Hosting.HostFactoryResolver+HostingListener+StopTheHostException' was thrown.
   at Microsoft.Extensions.Hosting.HostFactoryResolver.HostingListener.OnNext(KeyValuePair`2 value)
   at System.Diagnostics.DiagnosticListener.Write(String name, Object value)
   at Microsoft.Extensions.Hosting.HostBuilder.Build()
   at Microsoft.AspNetCore.Builder.WebApplicationBuilder.Build()
   at Program.<Main>$(String[] args) in /home/maxena/Desktop/Projects/Margs/Margs.Api/Program.cs:line 51
