2022-06-20 00:35:11.953 +04:30 [Information] Starting web host
2022-06-20 00:35:12.863 +04:30 [Information] Now listening on: "https://localhost:5001"
2022-06-20 00:35:12.879 +04:30 [Information] Now listening on: "http://localhost:5000"
2022-06-20 00:35:12.915 +04:30 [Information] Application started. Press Ctrl+C to shut down.
2022-06-20 00:35:12.984 +04:30 [Information] Hosting environment: "Development"
2022-06-20 00:35:12.985 +04:30 [Information] Content root path: "/home/maxena/Desktop/Projects/Margs/Margs.Api/"
2022-06-20 00:35:29.565 +04:30 [Error] HTTP "GET" "/Auth/Test/Jwt" responded 500 in 8247.4043 ms
System.ArgumentOutOfRangeException: IDX10653: The encryption algorithm 'HS256' requires a key size of at least '128' bits. Key '[PII of type 'Microsoft.IdentityModel.Tokens.SymmetricSecurityKey' is hidden. For more details, see https://aka.ms/IdentityModel/PII.]', is of size: '48'. (Parameter 'key')
   at Microsoft.IdentityModel.Tokens.SymmetricSignatureProvider..ctor(SecurityKey key, String algorithm, Boolean willCreateSignatures)
   at Microsoft.IdentityModel.Tokens.CryptoProviderFactory.CreateSignatureProvider(SecurityKey key, String algorithm, Boolean willCreateSignatures, Boolean cacheProvider)
   at Microsoft.IdentityModel.Tokens.CryptoProviderFactory.CreateForSigning(SecurityKey key, String algorithm, Boolean cacheProvider)
   at Microsoft.IdentityModel.Tokens.CryptoProviderFactory.CreateForSigning(SecurityKey key, String algorithm)
   at Microsoft.IdentityModel.JsonWebTokens.JwtTokenUtilities.CreateEncodedSignature(String input, SigningCredentials signingCredentials)
   at System.IdentityModel.Tokens.Jwt.JwtSecurityTokenHandler.WriteToken(SecurityToken token)
   at Margs.Api.Services.Authentication.JwtTokenGenerator.GenerateToken(Guid userId, String userName) in /home/maxena/Desktop/Projects/Margs/Margs.Api/Services/Authentication/JwtTokenGenerator.cs:line 45
   at Margs.Api.Controllers.AuthController.TestJwt() in /home/maxena/Desktop/Projects/Margs/Margs.Api/Controllers/AuthController.cs:line 35
   at lambda_method2(Closure , Object , Object[] )
   at Microsoft.AspNetCore.Mvc.Infrastructure.ActionMethodExecutor.SyncObjectResultExecutor.Execute(IActionResultTypeMapper mapper, ObjectMethodExecutor executor, Object controller, Object[] arguments)
   at Microsoft.AspNetCore.Mvc.Infrastructure.ControllerActionInvoker.InvokeActionMethodAsync()
   at Microsoft.AspNetCore.Mvc.Infrastructure.ControllerActionInvoker.Next(State& next, Scope& scope, Object& state, Boolean& isCompleted)
   at Microsoft.AspNetCore.Mvc.Infrastructure.ControllerActionInvoker.InvokeNextActionFilterAsync()
--- End of stack trace from previous location ---
   at Microsoft.AspNetCore.Mvc.Infrastructure.ControllerActionInvoker.Rethrow(ActionExecutedContextSealed context)
   at Microsoft.AspNetCore.Mvc.Infrastructure.ControllerActionInvoker.Next(State& next, Scope& scope, Object& state, Boolean& isCompleted)
   at Microsoft.AspNetCore.Mvc.Infrastructure.ControllerActionInvoker.InvokeInnerFilterAsync()
--- End of stack trace from previous location ---
   at Microsoft.AspNetCore.Mvc.Infrastructure.ResourceInvoker.<InvokeFilterPipelineAsync>g__Awaited|20_0(ResourceInvoker invoker, Task lastTask, State next, Scope scope, Object state, Boolean isCompleted)
   at Microsoft.AspNetCore.Mvc.Infrastructure.ResourceInvoker.<InvokeAsync>g__Awaited|17_0(ResourceInvoker invoker, Task task, IDisposable scope)
   at Microsoft.AspNetCore.Mvc.Infrastructure.ResourceInvoker.<InvokeAsync>g__Awaited|17_0(ResourceInvoker invoker, Task task, IDisposable scope)
   at Microsoft.AspNetCore.Routing.EndpointMiddleware.<Invoke>g__AwaitRequestTask|6_0(Endpoint endpoint, Task requestTask, ILogger logger)
   at Microsoft.AspNetCore.Authorization.AuthorizationMiddleware.Invoke(HttpContext context)
   at Serilog.AspNetCore.RequestLoggingMiddleware.Invoke(HttpContext httpContext)
2022-06-20 00:35:29.579 +04:30 [Error] An unhandled exception has occurred while executing the request.
System.ArgumentOutOfRangeException: IDX10653: The encryption algorithm 'HS256' requires a key size of at least '128' bits. Key '[PII of type 'Microsoft.IdentityModel.Tokens.SymmetricSecurityKey' is hidden. For more details, see https://aka.ms/IdentityModel/PII.]', is of size: '48'. (Parameter 'key')
   at Microsoft.IdentityModel.Tokens.SymmetricSignatureProvider..ctor(SecurityKey key, String algorithm, Boolean willCreateSignatures)
   at Microsoft.IdentityModel.Tokens.CryptoProviderFactory.CreateSignatureProvider(SecurityKey key, String algorithm, Boolean willCreateSignatures, Boolean cacheProvider)
   at Microsoft.IdentityModel.Tokens.CryptoProviderFactory.CreateForSigning(SecurityKey key, String algorithm, Boolean cacheProvider)
   at Microsoft.IdentityModel.Tokens.CryptoProviderFactory.CreateForSigning(SecurityKey key, String algorithm)
   at Microsoft.IdentityModel.JsonWebTokens.JwtTokenUtilities.CreateEncodedSignature(String input, SigningCredentials signingCredentials)
   at System.IdentityModel.Tokens.Jwt.JwtSecurityTokenHandler.WriteToken(SecurityToken token)
   at Margs.Api.Services.Authentication.JwtTokenGenerator.GenerateToken(Guid userId, String userName) in /home/maxena/Desktop/Projects/Margs/Margs.Api/Services/Authentication/JwtTokenGenerator.cs:line 45
   at Margs.Api.Controllers.AuthController.TestJwt() in /home/maxena/Desktop/Projects/Margs/Margs.Api/Controllers/AuthController.cs:line 35
   at lambda_method2(Closure , Object , Object[] )
   at Microsoft.AspNetCore.Mvc.Infrastructure.ActionMethodExecutor.SyncObjectResultExecutor.Execute(IActionResultTypeMapper mapper, ObjectMethodExecutor executor, Object controller, Object[] arguments)
   at Microsoft.AspNetCore.Mvc.Infrastructure.ControllerActionInvoker.InvokeActionMethodAsync()
   at Microsoft.AspNetCore.Mvc.Infrastructure.ControllerActionInvoker.Next(State& next, Scope& scope, Object& state, Boolean& isCompleted)
   at Microsoft.AspNetCore.Mvc.Infrastructure.ControllerActionInvoker.InvokeNextActionFilterAsync()
--- End of stack trace from previous location ---
   at Microsoft.AspNetCore.Mvc.Infrastructure.ControllerActionInvoker.Rethrow(ActionExecutedContextSealed context)
   at Microsoft.AspNetCore.Mvc.Infrastructure.ControllerActionInvoker.Next(State& next, Scope& scope, Object& state, Boolean& isCompleted)
   at Microsoft.AspNetCore.Mvc.Infrastructure.ControllerActionInvoker.InvokeInnerFilterAsync()
--- End of stack trace from previous location ---
   at Microsoft.AspNetCore.Mvc.Infrastructure.ResourceInvoker.<InvokeFilterPipelineAsync>g__Awaited|20_0(ResourceInvoker invoker, Task lastTask, State next, Scope scope, Object state, Boolean isCompleted)
   at Microsoft.AspNetCore.Mvc.Infrastructure.ResourceInvoker.<InvokeAsync>g__Awaited|17_0(ResourceInvoker invoker, Task task, IDisposable scope)
   at Microsoft.AspNetCore.Mvc.Infrastructure.ResourceInvoker.<InvokeAsync>g__Awaited|17_0(ResourceInvoker invoker, Task task, IDisposable scope)
   at Microsoft.AspNetCore.Routing.EndpointMiddleware.<Invoke>g__AwaitRequestTask|6_0(Endpoint endpoint, Task requestTask, ILogger logger)
   at Microsoft.AspNetCore.Authorization.AuthorizationMiddleware.Invoke(HttpContext context)
   at Serilog.AspNetCore.RequestLoggingMiddleware.Invoke(HttpContext httpContext)
   at Swashbuckle.AspNetCore.SwaggerUI.SwaggerUIMiddleware.Invoke(HttpContext httpContext)
   at Swashbuckle.AspNetCore.Swagger.SwaggerMiddleware.Invoke(HttpContext httpContext, ISwaggerProvider swaggerProvider)
   at Microsoft.AspNetCore.Diagnostics.DeveloperExceptionPageMiddleware.Invoke(HttpContext context)
2022-06-20 00:38:17.704 +04:30 [Information] Starting web host
2022-06-20 00:38:18.428 +04:30 [Information] Now listening on: "https://localhost:5001"
2022-06-20 00:38:18.478 +04:30 [Information] Now listening on: "http://localhost:5000"
2022-06-20 00:38:18.479 +04:30 [Information] Application started. Press Ctrl+C to shut down.
2022-06-20 00:38:18.552 +04:30 [Information] Hosting environment: "Development"
2022-06-20 00:38:18.572 +04:30 [Information] Content root path: "/home/maxena/Desktop/Projects/Margs/Margs.Api/"
2022-06-20 00:38:31.414 +04:30 [Error] HTTP "GET" "/Auth/Test/Jwt" responded 500 in 7528.5989 ms
System.ArgumentNullException: String reference not set to an instance of a String. (Parameter 's')
   at System.Text.Encoding.GetBytes(String s)
   at System.Text.UTF8Encoding.UTF8EncodingSealed.GetBytes(String s)
   at Margs.Api.Services.Authentication.JwtTokenGenerator.GenerateToken(Guid userId, String userName) in /home/maxena/Desktop/Projects/Margs/Margs.Api/Services/Authentication/JwtTokenGenerator.cs:line 27
   at Margs.Api.Controllers.AuthController.TestJwt() in /home/maxena/Desktop/Projects/Margs/Margs.Api/Controllers/AuthController.cs:line 35
   at lambda_method2(Closure , Object , Object[] )
   at Microsoft.AspNetCore.Mvc.Infrastructure.ActionMethodExecutor.SyncObjectResultExecutor.Execute(IActionResultTypeMapper mapper, ObjectMethodExecutor executor, Object controller, Object[] arguments)
   at Microsoft.AspNetCore.Mvc.Infrastructure.ControllerActionInvoker.InvokeActionMethodAsync()
   at Microsoft.AspNetCore.Mvc.Infrastructure.ControllerActionInvoker.Next(State& next, Scope& scope, Object& state, Boolean& isCompleted)
   at Microsoft.AspNetCore.Mvc.Infrastructure.ControllerActionInvoker.InvokeNextActionFilterAsync()
--- End of stack trace from previous location ---
   at Microsoft.AspNetCore.Mvc.Infrastructure.ControllerActionInvoker.Rethrow(ActionExecutedContextSealed context)
   at Microsoft.AspNetCore.Mvc.Infrastructure.ControllerActionInvoker.Next(State& next, Scope& scope, Object& state, Boolean& isCompleted)
   at Microsoft.AspNetCore.Mvc.Infrastructure.ControllerActionInvoker.InvokeInnerFilterAsync()
--- End of stack trace from previous location ---
   at Microsoft.AspNetCore.Mvc.Infrastructure.ResourceInvoker.<InvokeFilterPipelineAsync>g__Awaited|20_0(ResourceInvoker invoker, Task lastTask, State next, Scope scope, Object state, Boolean isCompleted)
   at Microsoft.AspNetCore.Mvc.Infrastructure.ResourceInvoker.<InvokeAsync>g__Awaited|17_0(ResourceInvoker invoker, Task task, IDisposable scope)
   at Microsoft.AspNetCore.Mvc.Infrastructure.ResourceInvoker.<InvokeAsync>g__Awaited|17_0(ResourceInvoker invoker, Task task, IDisposable scope)
   at Microsoft.AspNetCore.Routing.EndpointMiddleware.<Invoke>g__AwaitRequestTask|6_0(Endpoint endpoint, Task requestTask, ILogger logger)
   at Microsoft.AspNetCore.Authorization.AuthorizationMiddleware.Invoke(HttpContext context)
   at Serilog.AspNetCore.RequestLoggingMiddleware.Invoke(HttpContext httpContext)
2022-06-20 00:38:31.433 +04:30 [Error] An unhandled exception has occurred while executing the request.
System.ArgumentNullException: String reference not set to an instance of a String. (Parameter 's')
   at System.Text.Encoding.GetBytes(String s)
   at System.Text.UTF8Encoding.UTF8EncodingSealed.GetBytes(String s)
   at Margs.Api.Services.Authentication.JwtTokenGenerator.GenerateToken(Guid userId, String userName) in /home/maxena/Desktop/Projects/Margs/Margs.Api/Services/Authentication/JwtTokenGenerator.cs:line 27
   at Margs.Api.Controllers.AuthController.TestJwt() in /home/maxena/Desktop/Projects/Margs/Margs.Api/Controllers/AuthController.cs:line 35
   at lambda_method2(Closure , Object , Object[] )
   at Microsoft.AspNetCore.Mvc.Infrastructure.ActionMethodExecutor.SyncObjectResultExecutor.Execute(IActionResultTypeMapper mapper, ObjectMethodExecutor executor, Object controller, Object[] arguments)
   at Microsoft.AspNetCore.Mvc.Infrastructure.ControllerActionInvoker.InvokeActionMethodAsync()
   at Microsoft.AspNetCore.Mvc.Infrastructure.ControllerActionInvoker.Next(State& next, Scope& scope, Object& state, Boolean& isCompleted)
   at Microsoft.AspNetCore.Mvc.Infrastructure.ControllerActionInvoker.InvokeNextActionFilterAsync()
--- End of stack trace from previous location ---
   at Microsoft.AspNetCore.Mvc.Infrastructure.ControllerActionInvoker.Rethrow(ActionExecutedContextSealed context)
   at Microsoft.AspNetCore.Mvc.Infrastructure.ControllerActionInvoker.Next(State& next, Scope& scope, Object& state, Boolean& isCompleted)
   at Microsoft.AspNetCore.Mvc.Infrastructure.ControllerActionInvoker.InvokeInnerFilterAsync()
--- End of stack trace from previous location ---
   at Microsoft.AspNetCore.Mvc.Infrastructure.ResourceInvoker.<InvokeFilterPipelineAsync>g__Awaited|20_0(ResourceInvoker invoker, Task lastTask, State next, Scope scope, Object state, Boolean isCompleted)
   at Microsoft.AspNetCore.Mvc.Infrastructure.ResourceInvoker.<InvokeAsync>g__Awaited|17_0(ResourceInvoker invoker, Task task, IDisposable scope)
   at Microsoft.AspNetCore.Mvc.Infrastructure.ResourceInvoker.<InvokeAsync>g__Awaited|17_0(ResourceInvoker invoker, Task task, IDisposable scope)
   at Microsoft.AspNetCore.Routing.EndpointMiddleware.<Invoke>g__AwaitRequestTask|6_0(Endpoint endpoint, Task requestTask, ILogger logger)
   at Microsoft.AspNetCore.Authorization.AuthorizationMiddleware.Invoke(HttpContext context)
   at Serilog.AspNetCore.RequestLoggingMiddleware.Invoke(HttpContext httpContext)
   at Swashbuckle.AspNetCore.SwaggerUI.SwaggerUIMiddleware.Invoke(HttpContext httpContext)
   at Swashbuckle.AspNetCore.Swagger.SwaggerMiddleware.Invoke(HttpContext httpContext, ISwaggerProvider swaggerProvider)
   at Microsoft.AspNetCore.Diagnostics.DeveloperExceptionPageMiddleware.Invoke(HttpContext context)
2022-06-20 00:47:05.550 +04:30 [Information] Starting web host
2022-06-20 00:47:06.292 +04:30 [Information] Now listening on: "https://localhost:5001"
2022-06-20 00:47:06.330 +04:30 [Information] Now listening on: "http://localhost:5000"
2022-06-20 00:47:06.335 +04:30 [Information] Application started. Press Ctrl+C to shut down.
2022-06-20 00:47:06.391 +04:30 [Information] Hosting environment: "Development"
2022-06-20 00:47:06.411 +04:30 [Information] Content root path: "/home/maxena/Desktop/Projects/Margs/Margs.Api/"
2022-06-20 00:47:14.186 +04:30 [Error] HTTP "GET" "/Auth/Test/Jwt" responded 500 in 2490.1958 ms
System.ArgumentNullException: String reference not set to an instance of a String. (Parameter 's')
   at System.Text.Encoding.GetBytes(String s)
   at System.Text.UTF8Encoding.UTF8EncodingSealed.GetBytes(String s)
   at Margs.Api.Services.Authentication.JwtTokenGenerator.GenerateToken(Guid userId, String userName) in /home/maxena/Desktop/Projects/Margs/Margs.Api/Services/Authentication/JwtTokenGenerator.cs:line 27
   at Margs.Api.Controllers.AuthController.TestJwt() in /home/maxena/Desktop/Projects/Margs/Margs.Api/Controllers/AuthController.cs:line 35
   at lambda_method2(Closure , Object , Object[] )
   at Microsoft.AspNetCore.Mvc.Infrastructure.ActionMethodExecutor.SyncObjectResultExecutor.Execute(IActionResultTypeMapper mapper, ObjectMethodExecutor executor, Object controller, Object[] arguments)
   at Microsoft.AspNetCore.Mvc.Infrastructure.ControllerActionInvoker.InvokeActionMethodAsync()
   at Microsoft.AspNetCore.Mvc.Infrastructure.ControllerActionInvoker.Next(State& next, Scope& scope, Object& state, Boolean& isCompleted)
   at Microsoft.AspNetCore.Mvc.Infrastructure.ControllerActionInvoker.InvokeNextActionFilterAsync()
--- End of stack trace from previous location ---
   at Microsoft.AspNetCore.Mvc.Infrastructure.ControllerActionInvoker.Rethrow(ActionExecutedContextSealed context)
   at Microsoft.AspNetCore.Mvc.Infrastructure.ControllerActionInvoker.Next(State& next, Scope& scope, Object& state, Boolean& isCompleted)
   at Microsoft.AspNetCore.Mvc.Infrastructure.ControllerActionInvoker.InvokeInnerFilterAsync()
--- End of stack trace from previous location ---
   at Microsoft.AspNetCore.Mvc.Infrastructure.ResourceInvoker.<InvokeFilterPipelineAsync>g__Awaited|20_0(ResourceInvoker invoker, Task lastTask, State next, Scope scope, Object state, Boolean isCompleted)
   at Microsoft.AspNetCore.Mvc.Infrastructure.ResourceInvoker.<InvokeAsync>g__Awaited|17_0(ResourceInvoker invoker, Task task, IDisposable scope)
   at Microsoft.AspNetCore.Mvc.Infrastructure.ResourceInvoker.<InvokeAsync>g__Awaited|17_0(ResourceInvoker invoker, Task task, IDisposable scope)
   at Microsoft.AspNetCore.Routing.EndpointMiddleware.<Invoke>g__AwaitRequestTask|6_0(Endpoint endpoint, Task requestTask, ILogger logger)
   at Microsoft.AspNetCore.Authorization.AuthorizationMiddleware.Invoke(HttpContext context)
   at Serilog.AspNetCore.RequestLoggingMiddleware.Invoke(HttpContext httpContext)
2022-06-20 00:47:14.205 +04:30 [Error] An unhandled exception has occurred while executing the request.
System.ArgumentNullException: String reference not set to an instance of a String. (Parameter 's')
   at System.Text.Encoding.GetBytes(String s)
   at System.Text.UTF8Encoding.UTF8EncodingSealed.GetBytes(String s)
   at Margs.Api.Services.Authentication.JwtTokenGenerator.GenerateToken(Guid userId, String userName) in /home/maxena/Desktop/Projects/Margs/Margs.Api/Services/Authentication/JwtTokenGenerator.cs:line 27
   at Margs.Api.Controllers.AuthController.TestJwt() in /home/maxena/Desktop/Projects/Margs/Margs.Api/Controllers/AuthController.cs:line 35
   at lambda_method2(Closure , Object , Object[] )
   at Microsoft.AspNetCore.Mvc.Infrastructure.ActionMethodExecutor.SyncObjectResultExecutor.Execute(IActionResultTypeMapper mapper, ObjectMethodExecutor executor, Object controller, Object[] arguments)
   at Microsoft.AspNetCore.Mvc.Infrastructure.ControllerActionInvoker.InvokeActionMethodAsync()
   at Microsoft.AspNetCore.Mvc.Infrastructure.ControllerActionInvoker.Next(State& next, Scope& scope, Object& state, Boolean& isCompleted)
   at Microsoft.AspNetCore.Mvc.Infrastructure.ControllerActionInvoker.InvokeNextActionFilterAsync()
--- End of stack trace from previous location ---
   at Microsoft.AspNetCore.Mvc.Infrastructure.ControllerActionInvoker.Rethrow(ActionExecutedContextSealed context)
   at Microsoft.AspNetCore.Mvc.Infrastructure.ControllerActionInvoker.Next(State& next, Scope& scope, Object& state, Boolean& isCompleted)
   at Microsoft.AspNetCore.Mvc.Infrastructure.ControllerActionInvoker.InvokeInnerFilterAsync()
--- End of stack trace from previous location ---
   at Microsoft.AspNetCore.Mvc.Infrastructure.ResourceInvoker.<InvokeFilterPipelineAsync>g__Awaited|20_0(ResourceInvoker invoker, Task lastTask, State next, Scope scope, Object state, Boolean isCompleted)
   at Microsoft.AspNetCore.Mvc.Infrastructure.ResourceInvoker.<InvokeAsync>g__Awaited|17_0(ResourceInvoker invoker, Task task, IDisposable scope)
   at Microsoft.AspNetCore.Mvc.Infrastructure.ResourceInvoker.<InvokeAsync>g__Awaited|17_0(ResourceInvoker invoker, Task task, IDisposable scope)
   at Microsoft.AspNetCore.Routing.EndpointMiddleware.<Invoke>g__AwaitRequestTask|6_0(Endpoint endpoint, Task requestTask, ILogger logger)
   at Microsoft.AspNetCore.Authorization.AuthorizationMiddleware.Invoke(HttpContext context)
   at Serilog.AspNetCore.RequestLoggingMiddleware.Invoke(HttpContext httpContext)
   at Swashbuckle.AspNetCore.SwaggerUI.SwaggerUIMiddleware.Invoke(HttpContext httpContext)
   at Swashbuckle.AspNetCore.Swagger.SwaggerMiddleware.Invoke(HttpContext httpContext, ISwaggerProvider swaggerProvider)
   at Microsoft.AspNetCore.Diagnostics.DeveloperExceptionPageMiddleware.Invoke(HttpContext context)
2022-06-20 00:47:55.024 +04:30 [Information] Starting web host
2022-06-20 00:47:55.868 +04:30 [Information] Now listening on: "https://localhost:5001"
2022-06-20 00:47:55.871 +04:30 [Information] Now listening on: "http://localhost:5000"
2022-06-20 00:47:55.947 +04:30 [Information] Application started. Press Ctrl+C to shut down.
2022-06-20 00:47:55.948 +04:30 [Information] Hosting environment: "Development"
2022-06-20 00:47:55.948 +04:30 [Information] Content root path: "/home/maxena/Desktop/Projects/Margs/Margs.Api/"
2022-06-20 00:48:11.602 +04:30 [Error] HTTP "GET" "/Auth/Test/Jwt" responded 500 in 11333.6493 ms
System.ArgumentNullException: String reference not set to an instance of a String. (Parameter 's')
   at System.Text.Encoding.GetBytes(String s)
   at System.Text.UTF8Encoding.UTF8EncodingSealed.GetBytes(String s)
   at Margs.Api.Services.Authentication.JwtTokenGenerator.GenerateToken(Guid userId, String userName) in /home/maxena/Desktop/Projects/Margs/Margs.Api/Services/Authentication/JwtTokenGenerator.cs:line 27
   at Margs.Api.Controllers.AuthController.TestJwt() in /home/maxena/Desktop/Projects/Margs/Margs.Api/Controllers/AuthController.cs:line 35
   at lambda_method2(Closure , Object , Object[] )
   at Microsoft.AspNetCore.Mvc.Infrastructure.ActionMethodExecutor.SyncObjectResultExecutor.Execute(IActionResultTypeMapper mapper, ObjectMethodExecutor executor, Object controller, Object[] arguments)
   at Microsoft.AspNetCore.Mvc.Infrastructure.ControllerActionInvoker.InvokeActionMethodAsync()
   at Microsoft.AspNetCore.Mvc.Infrastructure.ControllerActionInvoker.Next(State& next, Scope& scope, Object& state, Boolean& isCompleted)
   at Microsoft.AspNetCore.Mvc.Infrastructure.ControllerActionInvoker.InvokeNextActionFilterAsync()
--- End of stack trace from previous location ---
   at Microsoft.AspNetCore.Mvc.Infrastructure.ControllerActionInvoker.Rethrow(ActionExecutedContextSealed context)
   at Microsoft.AspNetCore.Mvc.Infrastructure.ControllerActionInvoker.Next(State& next, Scope& scope, Object& state, Boolean& isCompleted)
   at Microsoft.AspNetCore.Mvc.Infrastructure.ControllerActionInvoker.InvokeInnerFilterAsync()
--- End of stack trace from previous location ---
   at Microsoft.AspNetCore.Mvc.Infrastructure.ResourceInvoker.<InvokeFilterPipelineAsync>g__Awaited|20_0(ResourceInvoker invoker, Task lastTask, State next, Scope scope, Object state, Boolean isCompleted)
   at Microsoft.AspNetCore.Mvc.Infrastructure.ResourceInvoker.<InvokeAsync>g__Awaited|17_0(ResourceInvoker invoker, Task task, IDisposable scope)
   at Microsoft.AspNetCore.Mvc.Infrastructure.ResourceInvoker.<InvokeAsync>g__Awaited|17_0(ResourceInvoker invoker, Task task, IDisposable scope)
   at Microsoft.AspNetCore.Routing.EndpointMiddleware.<Invoke>g__AwaitRequestTask|6_0(Endpoint endpoint, Task requestTask, ILogger logger)
   at Microsoft.AspNetCore.Authorization.AuthorizationMiddleware.Invoke(HttpContext context)
   at Serilog.AspNetCore.RequestLoggingMiddleware.Invoke(HttpContext httpContext)
2022-06-20 00:48:22.880 +04:30 [Error] An unhandled exception has occurred while executing the request.
System.ArgumentNullException: String reference not set to an instance of a String. (Parameter 's')
   at System.Text.Encoding.GetBytes(String s)
   at System.Text.UTF8Encoding.UTF8EncodingSealed.GetBytes(String s)
   at Margs.Api.Services.Authentication.JwtTokenGenerator.GenerateToken(Guid userId, String userName) in /home/maxena/Desktop/Projects/Margs/Margs.Api/Services/Authentication/JwtTokenGenerator.cs:line 27
   at Margs.Api.Controllers.AuthController.TestJwt() in /home/maxena/Desktop/Projects/Margs/Margs.Api/Controllers/AuthController.cs:line 35
   at lambda_method2(Closure , Object , Object[] )
   at Microsoft.AspNetCore.Mvc.Infrastructure.ActionMethodExecutor.SyncObjectResultExecutor.Execute(IActionResultTypeMapper mapper, ObjectMethodExecutor executor, Object controller, Object[] arguments)
   at Microsoft.AspNetCore.Mvc.Infrastructure.ControllerActionInvoker.InvokeActionMethodAsync()
   at Microsoft.AspNetCore.Mvc.Infrastructure.ControllerActionInvoker.Next(State& next, Scope& scope, Object& state, Boolean& isCompleted)
   at Microsoft.AspNetCore.Mvc.Infrastructure.ControllerActionInvoker.InvokeNextActionFilterAsync()
--- End of stack trace from previous location ---
   at Microsoft.AspNetCore.Mvc.Infrastructure.ControllerActionInvoker.Rethrow(ActionExecutedContextSealed context)
   at Microsoft.AspNetCore.Mvc.Infrastructure.ControllerActionInvoker.Next(State& next, Scope& scope, Object& state, Boolean& isCompleted)
   at Microsoft.AspNetCore.Mvc.Infrastructure.ControllerActionInvoker.InvokeInnerFilterAsync()
--- End of stack trace from previous location ---
   at Microsoft.AspNetCore.Mvc.Infrastructure.ResourceInvoker.<InvokeFilterPipelineAsync>g__Awaited|20_0(ResourceInvoker invoker, Task lastTask, State next, Scope scope, Object state, Boolean isCompleted)
   at Microsoft.AspNetCore.Mvc.Infrastructure.ResourceInvoker.<InvokeAsync>g__Awaited|17_0(ResourceInvoker invoker, Task task, IDisposable scope)
   at Microsoft.AspNetCore.Mvc.Infrastructure.ResourceInvoker.<InvokeAsync>g__Awaited|17_0(ResourceInvoker invoker, Task task, IDisposable scope)
   at Microsoft.AspNetCore.Routing.EndpointMiddleware.<Invoke>g__AwaitRequestTask|6_0(Endpoint endpoint, Task requestTask, ILogger logger)
   at Microsoft.AspNetCore.Authorization.AuthorizationMiddleware.Invoke(HttpContext context)
   at Serilog.AspNetCore.RequestLoggingMiddleware.Invoke(HttpContext httpContext)
   at Swashbuckle.AspNetCore.SwaggerUI.SwaggerUIMiddleware.Invoke(HttpContext httpContext)
   at Swashbuckle.AspNetCore.Swagger.SwaggerMiddleware.Invoke(HttpContext httpContext, ISwaggerProvider swaggerProvider)
   at Microsoft.AspNetCore.Diagnostics.DeveloperExceptionPageMiddleware.Invoke(HttpContext context)
2022-06-20 00:48:36.593 +04:30 [Error] HTTP "GET" "/Auth/Test/Jwt" responded 500 in 5442.0494 ms
System.ArgumentNullException: String reference not set to an instance of a String. (Parameter 's')
   at System.Text.Encoding.GetBytes(String s)
   at System.Text.UTF8Encoding.UTF8EncodingSealed.GetBytes(String s)
   at Margs.Api.Services.Authentication.JwtTokenGenerator.GenerateToken(Guid userId, String userName) in /home/maxena/Desktop/Projects/Margs/Margs.Api/Services/Authentication/JwtTokenGenerator.cs:line 27
   at Margs.Api.Controllers.AuthController.TestJwt() in /home/maxena/Desktop/Projects/Margs/Margs.Api/Controllers/AuthController.cs:line 35
   at lambda_method2(Closure , Object , Object[] )
   at Microsoft.AspNetCore.Mvc.Infrastructure.ActionMethodExecutor.SyncObjectResultExecutor.Execute(IActionResultTypeMapper mapper, ObjectMethodExecutor executor, Object controller, Object[] arguments)
   at Microsoft.AspNetCore.Mvc.Infrastructure.ControllerActionInvoker.InvokeActionMethodAsync()
   at Microsoft.AspNetCore.Mvc.Infrastructure.ControllerActionInvoker.Next(State& next, Scope& scope, Object& state, Boolean& isCompleted)
   at Microsoft.AspNetCore.Mvc.Infrastructure.ControllerActionInvoker.InvokeNextActionFilterAsync()
--- End of stack trace from previous location ---
   at Microsoft.AspNetCore.Mvc.Infrastructure.ControllerActionInvoker.Rethrow(ActionExecutedContextSealed context)
   at Microsoft.AspNetCore.Mvc.Infrastructure.ControllerActionInvoker.Next(State& next, Scope& scope, Object& state, Boolean& isCompleted)
   at Microsoft.AspNetCore.Mvc.Infrastructure.ControllerActionInvoker.InvokeInnerFilterAsync()
--- End of stack trace from previous location ---
   at Microsoft.AspNetCore.Mvc.Infrastructure.ResourceInvoker.<InvokeFilterPipelineAsync>g__Awaited|20_0(ResourceInvoker invoker, Task lastTask, State next, Scope scope, Object state, Boolean isCompleted)
   at Microsoft.AspNetCore.Mvc.Infrastructure.ResourceInvoker.<InvokeAsync>g__Awaited|17_0(ResourceInvoker invoker, Task task, IDisposable scope)
   at Microsoft.AspNetCore.Mvc.Infrastructure.ResourceInvoker.<InvokeAsync>g__Awaited|17_0(ResourceInvoker invoker, Task task, IDisposable scope)
   at Microsoft.AspNetCore.Routing.EndpointMiddleware.<Invoke>g__AwaitRequestTask|6_0(Endpoint endpoint, Task requestTask, ILogger logger)
   at Microsoft.AspNetCore.Authorization.AuthorizationMiddleware.Invoke(HttpContext context)
   at Serilog.AspNetCore.RequestLoggingMiddleware.Invoke(HttpContext httpContext)
2022-06-20 00:49:13.143 +04:30 [Information] Starting web host
2022-06-20 00:49:13.935 +04:30 [Information] Now listening on: "https://localhost:5001"
2022-06-20 00:49:13.941 +04:30 [Information] Now listening on: "http://localhost:5000"
2022-06-20 00:49:13.943 +04:30 [Information] Application started. Press Ctrl+C to shut down.
2022-06-20 00:49:13.989 +04:30 [Information] Hosting environment: "Development"
2022-06-20 00:49:13.994 +04:30 [Information] Content root path: "/home/maxena/Desktop/Projects/Margs/Margs.Api/"
2022-06-20 00:50:11.890 +04:30 [Information] Starting web host
2022-06-20 00:50:12.583 +04:30 [Information] Now listening on: "https://localhost:5001"
2022-06-20 00:50:12.613 +04:30 [Information] Now listening on: "http://localhost:5000"
2022-06-20 00:50:12.615 +04:30 [Information] Application started. Press Ctrl+C to shut down.
2022-06-20 00:50:12.616 +04:30 [Information] Hosting environment: "Development"
2022-06-20 00:50:12.647 +04:30 [Information] Content root path: "/home/maxena/Desktop/Projects/Margs/Margs.Api/"
2022-06-20 00:52:01.441 +04:30 [Information] Starting web host
2022-06-20 00:52:02.137 +04:30 [Information] Now listening on: "https://localhost:5001"
2022-06-20 00:52:02.166 +04:30 [Information] Now listening on: "http://localhost:5000"
2022-06-20 00:52:02.216 +04:30 [Information] Application started. Press Ctrl+C to shut down.
2022-06-20 00:52:02.259 +04:30 [Information] Hosting environment: "Development"
2022-06-20 00:52:02.292 +04:30 [Information] Content root path: "/home/maxena/Desktop/Projects/Margs/Margs.Api/"
2022-06-20 00:52:43.932 +04:30 [Information] Starting web host
2022-06-20 00:52:44.692 +04:30 [Information] Now listening on: "https://localhost:5001"
2022-06-20 00:52:44.722 +04:30 [Information] Now listening on: "http://localhost:5000"
2022-06-20 00:52:44.767 +04:30 [Information] Application started. Press Ctrl+C to shut down.
2022-06-20 00:52:44.811 +04:30 [Information] Hosting environment: "Development"
2022-06-20 00:52:44.812 +04:30 [Information] Content root path: "/home/maxena/Desktop/Projects/Margs/Margs.Api/"
2022-06-20 00:54:09.854 +04:30 [Information] Starting web host
2022-06-20 00:54:10.556 +04:30 [Information] Now listening on: "https://localhost:5001"
2022-06-20 00:54:10.562 +04:30 [Information] Now listening on: "http://localhost:5000"
2022-06-20 00:54:10.662 +04:30 [Information] Application started. Press Ctrl+C to shut down.
2022-06-20 00:54:10.710 +04:30 [Information] Hosting environment: "Development"
2022-06-20 00:54:10.711 +04:30 [Information] Content root path: "/home/maxena/Desktop/Projects/Margs/Margs.Api/"
2022-06-20 00:54:22.136 +04:30 [Information] HTTP "GET" "/Auth/Test/Jwt" responded 200 in 7832.4097 ms
2022-06-20 01:07:11.993 +04:30 [Information] Starting web host
2022-06-20 01:07:12.713 +04:30 [Information] Now listening on: "https://localhost:5001"
2022-06-20 01:07:12.740 +04:30 [Information] Now listening on: "http://localhost:5000"
2022-06-20 01:07:12.742 +04:30 [Information] Application started. Press Ctrl+C to shut down.
2022-06-20 01:07:12.743 +04:30 [Information] Hosting environment: "Development"
2022-06-20 01:07:12.769 +04:30 [Information] Content root path: "/home/maxena/Desktop/Projects/Margs/Margs.Api/"
2022-06-20 01:07:17.092 +04:30 [Information] HTTP "GET" "/Auth/Test/Jwt" responded 200 in 165.3453 ms
2022-06-20 20:39:28.804 +04:30 [Information] Starting web host
2022-06-20 20:39:28.888 +04:30 [Fatal] Host terminated unexpectedly
Microsoft.Extensions.Hosting.HostFactoryResolver+HostingListener+StopTheHostException: Exception of type 'Microsoft.Extensions.Hosting.HostFactoryResolver+HostingListener+StopTheHostException' was thrown.
   at Microsoft.Extensions.Hosting.HostFactoryResolver.HostingListener.OnNext(KeyValuePair`2 value)
   at System.Diagnostics.DiagnosticListener.Write(String name, Object value)
   at Microsoft.Extensions.Hosting.HostBuilder.Build()
   at Microsoft.AspNetCore.Builder.WebApplicationBuilder.Build()
   at Program.<Main>$(String[] args) in /home/maxena/Desktop/Projects/Margs/Margs.Api/Program.cs:line 37
2022-06-20 20:40:02.420 +04:30 [Information] Starting web host
2022-06-20 20:40:02.499 +04:30 [Fatal] Host terminated unexpectedly
Microsoft.Extensions.Hosting.HostFactoryResolver+HostingListener+StopTheHostException: Exception of type 'Microsoft.Extensions.Hosting.HostFactoryResolver+HostingListener+StopTheHostException' was thrown.
   at Microsoft.Extensions.Hosting.HostFactoryResolver.HostingListener.OnNext(KeyValuePair`2 value)
   at System.Diagnostics.DiagnosticListener.Write(String name, Object value)
   at Microsoft.Extensions.Hosting.HostBuilder.Build()
   at Microsoft.AspNetCore.Builder.WebApplicationBuilder.Build()
   at Program.<Main>$(String[] args) in /home/maxena/Desktop/Projects/Margs/Margs.Api/Program.cs:line 37
2022-06-20 20:41:19.052 +04:30 [Information] Starting web host
2022-06-20 20:41:19.128 +04:30 [Fatal] Host terminated unexpectedly
Microsoft.Extensions.Hosting.HostFactoryResolver+HostingListener+StopTheHostException: Exception of type 'Microsoft.Extensions.Hosting.HostFactoryResolver+HostingListener+StopTheHostException' was thrown.
   at Microsoft.Extensions.Hosting.HostFactoryResolver.HostingListener.OnNext(KeyValuePair`2 value)
   at System.Diagnostics.DiagnosticListener.Write(String name, Object value)
   at Microsoft.Extensions.Hosting.HostBuilder.Build()
   at Microsoft.AspNetCore.Builder.WebApplicationBuilder.Build()
   at Program.<Main>$(String[] args) in /home/maxena/Desktop/Projects/Margs/Margs.Api/Program.cs:line 37
2022-06-20 20:43:03.508 +04:30 [Information] Starting web host
2022-06-20 20:43:03.582 +04:30 [Fatal] Host terminated unexpectedly
Microsoft.Extensions.Hosting.HostFactoryResolver+HostingListener+StopTheHostException: Exception of type 'Microsoft.Extensions.Hosting.HostFactoryResolver+HostingListener+StopTheHostException' was thrown.
   at Microsoft.Extensions.Hosting.HostFactoryResolver.HostingListener.OnNext(KeyValuePair`2 value)
   at System.Diagnostics.DiagnosticListener.Write(String name, Object value)
   at Microsoft.Extensions.Hosting.HostBuilder.Build()
   at Microsoft.AspNetCore.Builder.WebApplicationBuilder.Build()
   at Program.<Main>$(String[] args) in /home/maxena/Desktop/Projects/Margs/Margs.Api/Program.cs:line 37
2022-06-20 20:43:09.904 +04:30 [Information] Starting web host
2022-06-20 20:43:09.977 +04:30 [Fatal] Host terminated unexpectedly
Microsoft.Extensions.Hosting.HostFactoryResolver+HostingListener+StopTheHostException: Exception of type 'Microsoft.Extensions.Hosting.HostFactoryResolver+HostingListener+StopTheHostException' was thrown.
   at Microsoft.Extensions.Hosting.HostFactoryResolver.HostingListener.OnNext(KeyValuePair`2 value)
   at System.Diagnostics.DiagnosticListener.Write(String name, Object value)
   at Microsoft.Extensions.Hosting.HostBuilder.Build()
   at Microsoft.AspNetCore.Builder.WebApplicationBuilder.Build()
   at Program.<Main>$(String[] args) in /home/maxena/Desktop/Projects/Margs/Margs.Api/Program.cs:line 37
2022-06-20 20:43:28.434 +04:30 [Information] Starting web host
2022-06-20 20:43:28.508 +04:30 [Fatal] Host terminated unexpectedly
Microsoft.Extensions.Hosting.HostFactoryResolver+HostingListener+StopTheHostException: Exception of type 'Microsoft.Extensions.Hosting.HostFactoryResolver+HostingListener+StopTheHostException' was thrown.
   at Microsoft.Extensions.Hosting.HostFactoryResolver.HostingListener.OnNext(KeyValuePair`2 value)
   at System.Diagnostics.DiagnosticListener.Write(String name, Object value)
   at Microsoft.Extensions.Hosting.HostBuilder.Build()
   at Microsoft.AspNetCore.Builder.WebApplicationBuilder.Build()
   at Program.<Main>$(String[] args) in /home/maxena/Desktop/Projects/Margs/Margs.Api/Program.cs:line 37
2022-06-20 20:44:41.143 +04:30 [Information] Starting web host
2022-06-20 20:44:41.902 +04:30 [Information] Now listening on: "https://localhost:5001"
2022-06-20 20:44:41.956 +04:30 [Information] Now listening on: "http://localhost:5000"
2022-06-20 20:44:42.008 +04:30 [Information] Application started. Press Ctrl+C to shut down.
2022-06-20 20:44:42.012 +04:30 [Information] Hosting environment: "Development"
2022-06-20 20:44:42.012 +04:30 [Information] Content root path: "/home/maxena/Desktop/Projects/Margs/Margs.Api/"
2022-06-20 20:45:57.538 +04:30 [Information] Starting web host
2022-06-20 20:45:57.613 +04:30 [Fatal] Host terminated unexpectedly
Microsoft.Extensions.Hosting.HostFactoryResolver+HostingListener+StopTheHostException: Exception of type 'Microsoft.Extensions.Hosting.HostFactoryResolver+HostingListener+StopTheHostException' was thrown.
   at Microsoft.Extensions.Hosting.HostFactoryResolver.HostingListener.OnNext(KeyValuePair`2 value)
   at System.Diagnostics.DiagnosticListener.Write(String name, Object value)
   at Microsoft.Extensions.Hosting.HostBuilder.Build()
   at Microsoft.AspNetCore.Builder.WebApplicationBuilder.Build()
   at Program.<Main>$(String[] args) in /home/maxena/Desktop/Projects/Margs/Margs.Api/Program.cs:line 37
