2022-06-19 01:00:53.666 +04:30 [Information] Now listening on: "https://localhost:7290"
2022-06-19 01:00:53.694 +04:30 [Information] Now listening on: "http://localhost:5152"
2022-06-19 01:00:53.696 +04:30 [Information] Application started. Press Ctrl+C to shut down.
2022-06-19 01:00:53.696 +04:30 [Information] Hosting environment: "Development"
2022-06-19 01:00:53.696 +04:30 [Information] Content root path: "/home/maxena/Desktop/Projects/Margs/Margs.Api/"
2022-06-19 01:01:01.171 +04:30 [Error] This is an error
2022-06-19 01:06:02.629 +04:30 [Information] Now listening on: "https://localhost:7290"
2022-06-19 01:06:02.642 +04:30 [Information] Now listening on: "http://localhost:5152"
2022-06-19 01:06:02.645 +04:30 [Information] Application started. Press Ctrl+C to shut down.
2022-06-19 01:06:02.645 +04:30 [Information] Hosting environment: "Development"
2022-06-19 01:06:02.645 +04:30 [Information] Content root path: "/home/maxena/Desktop/Projects/Margs/Margs.Api/"
2022-06-19 01:06:08.169 +04:30 [Error] This is an error
2022-06-19 01:08:09.883 +04:30 [Information] Now listening on: "https://localhost:7290"
2022-06-19 01:08:09.896 +04:30 [Information] Now listening on: "http://localhost:5152"
2022-06-19 01:08:09.897 +04:30 [Information] Application started. Press Ctrl+C to shut down.
2022-06-19 01:08:09.897 +04:30 [Information] Hosting environment: "Development"
2022-06-19 01:08:09.897 +04:30 [Information] Content root path: "/home/maxena/Desktop/Projects/Margs/Margs.Api/"
2022-06-19 01:08:38.427 +04:30 [Error] This is an error
2022-06-19 01:08:38.436 +04:30 [Information] HTTP "GET" "/api/Auth" responded 200 in 14.4936 ms
2022-06-19 01:16:07.790 +04:30 [Information] Now listening on: "https://localhost:7290"
2022-06-19 01:16:07.803 +04:30 [Information] Now listening on: "http://localhost:5152"
2022-06-19 01:16:07.804 +04:30 [Information] Application started. Press Ctrl+C to shut down.
2022-06-19 01:16:07.804 +04:30 [Information] Hosting environment: "Development"
2022-06-19 01:16:07.804 +04:30 [Information] Content root path: "/home/maxena/Desktop/Projects/Margs/Margs.Api/"
2022-06-19 01:16:30.206 +04:30 [Error] This is an error
2022-06-19 01:16:30.214 +04:30 [Information] HTTP "GET" "/api/Auth" responded 200 in 29.2627 ms
2022-06-19 13:36:20.612 +04:30 [Information] Now listening on: "https://localhost:7290"
2022-06-19 13:36:20.644 +04:30 [Information] Now listening on: "http://localhost:5152"
2022-06-19 13:36:20.645 +04:30 [Information] Application started. Press Ctrl+C to shut down.
2022-06-19 13:36:20.645 +04:30 [Information] Hosting environment: "Development"
2022-06-19 13:36:20.645 +04:30 [Information] Content root path: "/home/maxena/Desktop/Projects/Margs/Margs.Api/"
2022-06-19 13:36:26.106 +04:30 [Information] Test Serilog Log into 3 different loggers
2022-06-19 13:36:26.111 +04:30 [Information] HTTP "GET" "/api/Auth" responded 200 in 10.5836 ms
2022-06-19 13:38:32.189 +04:30 [Information] Now listening on: "https://localhost:7290"
2022-06-19 13:38:32.216 +04:30 [Information] Now listening on: "http://localhost:5152"
2022-06-19 13:38:32.217 +04:30 [Information] Application started. Press Ctrl+C to shut down.
2022-06-19 13:38:32.217 +04:30 [Information] Hosting environment: "Development"
2022-06-19 13:38:32.217 +04:30 [Information] Content root path: "/home/maxena/Desktop/Projects/Margs/Margs.Api/"
2022-06-19 13:38:45.343 +04:30 [Information] Test Serilog Log into 3 different loggers
2022-06-19 13:38:45.349 +04:30 [Information] HTTP "GET" "/api/Auth" responded 200 in 13.4574 ms
2022-06-19 13:42:56.877 +04:30 [Information] Starting web host
2022-06-19 13:43:07.995 +04:30 [Information] Test Serilog Log into 3 different loggers

2022-06-19 13:42:57.647 +04:30 [Information] Now listening on: "http://localhost:5152"
2022-06-19 13:42:57.648 +04:30 [Information] Application started. Press Ctrl+C to shut down.
2022-06-19 13:42:57.648 +04:30 [Information] Hosting environment: "Development"
2022-06-19 13:42:57.648 +04:30 [Information] Content root path: "/home/maxena/Desktop/Projects/Margs/Margs.Api/"
2022-06-19 13:43:08.001 +04:30 [Information] HTTP "GET" "/api/Auth" responded 200 in 12.5096 ms
2022-06-19 13:57:11.990 +04:30 [Information] Starting web host
2022-06-19 13:57:22.064 +04:30 [Information] Test Serilog Log into 3 different loggers

2022-06-19 13:57:12.417 +04:30 [Information] Now listening on: "http://localhost:5152"
2022-06-19 13:57:12.420 +04:30 [Information] Application started. Press Ctrl+C to shut down.
2022-06-19 13:57:12.420 +04:30 [Information] Hosting environment: "Development"
2022-06-19 13:57:12.420 +04:30 [Information] Content root path: "/home/maxena/Desktop/Projects/Margs/Margs.Api/"
2022-06-19 13:57:22.069 +04:30 [Information] HTTP "GET" "/api/Auth" responded 200 in 10.9518 ms
2022-06-19 13:58:35.122 +04:30 [Information] Application is shutting down...
2022-06-19 13:58:36.847 +04:30 [Information] Starting web host
2022-06-19 13:58:42.105 +04:30 [Information] Test Serilog Log into 3 different loggers

2022-06-19 13:58:37.269 +04:30 [Information] Now listening on: "http://localhost:5152"
2022-06-19 13:58:37.272 +04:30 [Information] Application started. Press Ctrl+C to shut down.
2022-06-19 13:58:37.272 +04:30 [Information] Hosting environment: "Development"
2022-06-19 13:58:37.272 +04:30 [Information] Content root path: "/home/maxena/Desktop/Projects/Margs/Margs.Api/"
2022-06-19 13:58:42.110 +04:30 [Information] HTTP "GET" "/api/Auth" responded 200 in 12.4424 ms
2022-06-19 14:21:52.360 +04:30 [Information] Application is shutting down...
2022-06-19 14:21:57.674 +04:30 [Information] Starting web host
2022-06-19 14:22:04.356 +04:30 [Information] Test Serilog Log into 3 different loggers

2022-06-19 14:21:58.413 +04:30 [Information] Now listening on: "http://localhost:5152"
2022-06-19 14:21:58.414 +04:30 [Information] Application started. Press Ctrl+C to shut down.
2022-06-19 14:21:58.414 +04:30 [Information] Hosting environment: "Development"
2022-06-19 14:21:58.415 +04:30 [Information] Content root path: "/home/maxena/Desktop/Projects/Margs/Margs.Api/"
2022-06-19 14:22:04.367 +04:30 [Information] HTTP "GET" "/api/Auth" responded 200 in 33.3250 ms
2022-06-19 14:31:13.408 +04:30 [Information] Starting web host
2022-06-19 14:31:18.984 +04:30 [Information] Test Serilog Log into 3 different loggers

2022-06-19 14:31:14.116 +04:30 [Information] Now listening on: "http://localhost:5152"
2022-06-19 14:31:14.117 +04:30 [Information] Application started. Press Ctrl+C to shut down.
2022-06-19 14:31:14.117 +04:30 [Information] Hosting environment: "Development"
2022-06-19 14:31:14.118 +04:30 [Information] Content root path: "/home/maxena/Desktop/Projects/Margs/Margs.Api/"
2022-06-19 14:31:18.998 +04:30 [Information] HTTP "GET" "/api/Auth" responded 200 in 35.9152 ms
2022-06-19 14:34:41.747 +04:30 [Information] Starting web host
2022-06-19 14:34:48.774 +04:30 [Information] Test Serilog Log into 3 different loggers

2022-06-19 14:34:42.462 +04:30 [Information] Now listening on: "http://localhost:5000"
2022-06-19 14:34:42.463 +04:30 [Information] Application started. Press Ctrl+C to shut down.
2022-06-19 14:34:42.464 +04:30 [Information] Hosting environment: "Development"
2022-06-19 14:34:42.508 +04:30 [Information] Content root path: "/home/maxena/Desktop/Projects/Margs/Margs.Api/"
2022-06-19 14:34:48.783 +04:30 [Information] HTTP "GET" "/api/Auth" responded 200 in 18.6100 ms
2022-06-19 14:51:55.128 +04:30 [Information] Now listening on: "https://localhost:5001"
2022-06-19 14:51:55.259 +04:30 [Information] Now listening on: "http://localhost:5000"
2022-06-19 14:51:55.260 +04:30 [Information] Application started. Press Ctrl+C to shut down.
2022-06-19 14:51:55.261 +04:30 [Information] Hosting environment: "Development"
2022-06-19 14:51:55.261 +04:30 [Information] Content root path: "/home/maxena/Desktop/Projects/Margs/Margs.Api/"
2022-06-19 14:52:17.833 +04:30 [Information] HTTP "GET" "/api/Auth" responded 200 in 19.7141 ms
2022-06-19 14:56:15.541 +04:30 [Information] Starting web host
2022-06-19 14:56:21.413 +04:30 [Information] Test Serilog Log into 3 different loggers
2022-06-19 14:56:21.415 +04:30 [Error] Test Serilog Error Log Type
tp://localhost:5000"
2022-06-19 14:56:16.269 +04:30 [Information] Application started. Press Ctrl+C to shut down.
2022-06-19 14:56:16.313 +04:30 [Information] Hosting environment: "Development"
2022-06-19 14:56:16.333 +04:30 [Information] Content root path: "/home/maxena/Desktop/Projects/Margs/Margs.Api/"
2022-06-19 14:56:21.420 +04:30 [Information] HTTP "GET" "/api/Auth" responded 200 in 15.4803 ms
2022-06-19 16:59:02.340 +04:30 [Information] Starting web host
2022-06-19 16:59:02.616 +04:30 [Fatal] Host terminated unexpectedly
System.AggregateException: Some services are not able to be constructed (Error while validating the service descriptor 'ServiceType: Margs.Api.Services.Interfaces.IJwtTokenGenerator Lifetime: Singleton ImplementationType: Margs.Api.Services.Authentication.JwtTokenGenerator': Unable to resolve service for type 'Margs.Api.Services.Authentication.JwtSetting' while attempting to activate 'Margs.Api.Services.Authentication.JwtTokenGenerator'.)
 ---> System.InvalidOperationException: Error while validating the service descriptor 'ServiceType: Margs.Api.Services.Interfaces.IJwtTokenGenerator Lifetime: Singleton ImplementationType: Margs.Api.Services.Authentication.JwtTokenGenerator': Unable to resolve service for type 'Margs.Api.Services.Authentication.JwtSetting' while attempting to activate 'Margs.Api.Services.Authentication.JwtTokenGenerator'.
 ---> System.InvalidOperationException: Unable to resolve service for type 'Margs.Api.Services.Authentication.JwtSetting' while attempting to activate 'Margs.Api.Services.Authentication.JwtTokenGenerator'.
   at Microsoft.Extensions.DependencyInjection.ServiceLookup.CallSiteFactory.CreateArgumentCallSites(Type implementationType, CallSiteChain callSiteChain, ParameterInfo[] parameters, Boolean throwIfCallSiteNotFound)
   at Microsoft.Extensions.DependencyInjection.ServiceLookup.CallSiteFactory.CreateConstructorCallSite(ResultCache lifetime, Type serviceType, Type implementationType, CallSiteChain callSiteChain)
   at Microsoft.Extensions.DependencyInjection.ServiceLookup.CallSiteFactory.TryCreateExact(ServiceDescriptor descriptor, Type serviceType, CallSiteChain callSiteChain, Int32 slot)
   at Microsoft.Extensions.DependencyInjection.ServiceLookup.CallSiteFactory.GetCallSite(ServiceDescriptor serviceDescriptor, CallSiteChain callSiteChain)
   at Microsoft.Extensions.DependencyInjection.ServiceProvider.ValidateService(ServiceDescriptor descriptor)
   --- End of inner exception stack trace ---
   at Microsoft.Extensions.DependencyInjection.ServiceProvider.ValidateService(ServiceDescriptor descriptor)
   at Microsoft.Extensions.DependencyInjection.ServiceProvider..ctor(ICollection`1 serviceDescriptors, ServiceProviderOptions options)
   --- End of inner exception stack trace ---
   at Microsoft.Extensions.DependencyInjection.ServiceProvider..ctor(ICollection`1 serviceDescriptors, ServiceProviderOptions options)
   at Microsoft.Extensions.DependencyInjection.ServiceCollectionContainerBuilderExtensions.BuildServiceProvider(IServiceCollection services, ServiceProviderOptions options)
   at Microsoft.Extensions.DependencyInjection.DefaultServiceProviderFactory.CreateServiceProvider(IServiceCollection containerBuilder)
   at Microsoft.Extensions.Hosting.Internal.ServiceFactoryAdapter`1.CreateServiceProvider(Object containerBuilder)
   at Microsoft.Extensions.Hosting.HostBuilder.CreateServiceProvider()
   at Microsoft.Extensions.Hosting.HostBuilder.Build()
   at Microsoft.AspNetCore.Builder.WebApplicationBuilder.Build()
   at Program.<Main>$(String[] args) in /home/maxena/Desktop/Projects/Margs/Margs.Api/Program.cs:line 37
2022-06-19 16:59:21.197 +04:30 [Information] Starting web host
2022-06-19 16:59:21.507 +04:30 [Fatal] Host terminated unexpectedly
System.AggregateException: Some services are not able to be constructed (Error while validating the service descriptor 'ServiceType: Margs.Api.Services.Interfaces.IJwtTokenGenerator Lifetime: Singleton ImplementationType: Margs.Api.Services.Authentication.JwtTokenGenerator': Unable to resolve service for type 'Margs.Api.Services.Authentication.JwtSetting' while attempting to activate 'Margs.Api.Services.Authentication.JwtTokenGenerator'.)
 ---> System.InvalidOperationException: Error while validating the service descriptor 'ServiceType: Margs.Api.Services.Interfaces.IJwtTokenGenerator Lifetime: Singleton ImplementationType: Margs.Api.Services.Authentication.JwtTokenGenerator': Unable to resolve service for type 'Margs.Api.Services.Authentication.JwtSetting' while attempting to activate 'Margs.Api.Services.Authentication.JwtTokenGenerator'.
 ---> System.InvalidOperationException: Unable to resolve service for type 'Margs.Api.Services.Authentication.JwtSetting' while attempting to activate 'Margs.Api.Services.Authentication.JwtTokenGenerator'.
   at Microsoft.Extensions.DependencyInjection.ServiceLookup.CallSiteFactory.CreateArgumentCallSites(Type implementationType, CallSiteChain callSiteChain, ParameterInfo[] parameters, Boolean throwIfCallSiteNotFound)
   at Microsoft.Extensions.DependencyInjection.ServiceLookup.CallSiteFactory.CreateConstructorCallSite(ResultCache lifetime, Type serviceType, Type implementationType, CallSiteChain callSiteChain)
   at Microsoft.Extensions.DependencyInjection.ServiceLookup.CallSiteFactory.TryCreateExact(ServiceDescriptor descriptor, Type serviceType, CallSiteChain callSiteChain, Int32 slot)
   at Microsoft.Extensions.DependencyInjection.ServiceLookup.CallSiteFactory.GetCallSite(ServiceDescriptor serviceDescriptor, CallSiteChain callSiteChain)
   at Microsoft.Extensions.DependencyInjection.ServiceProvider.ValidateService(ServiceDescriptor descriptor)
   --- End of inner exception stack trace ---
   at Microsoft.Extensions.DependencyInjection.ServiceProvider.ValidateService(ServiceDescriptor descriptor)
   at Microsoft.Extensions.DependencyInjection.ServiceProvider..ctor(ICollection`1 serviceDescriptors, ServiceProviderOptions options)
   --- End of inner exception stack trace ---
   at Microsoft.Extensions.DependencyInjection.ServiceProvider..ctor(ICollection`1 serviceDescriptors, ServiceProviderOptions options)
   at Microsoft.Extensions.DependencyInjection.ServiceCollectionContainerBuilderExtensions.BuildServiceProvider(IServiceCollection services, ServiceProviderOptions options)
   at Microsoft.Extensions.DependencyInjection.DefaultServiceProviderFactory.CreateServiceProvider(IServiceCollection containerBuilder)
   at Microsoft.Extensions.Hosting.Internal.ServiceFactoryAdapter`1.CreateServiceProvider(Object containerBuilder)
   at Microsoft.Extensions.Hosting.HostBuilder.CreateServiceProvider()
   at Microsoft.Extensions.Hosting.HostBuilder.Build()
   at Microsoft.AspNetCore.Builder.WebApplicationBuilder.Build()
   at Program.<Main>$(String[] args) in /home/maxena/Desktop/Projects/Margs/Margs.Api/Program.cs:line 37
2022-06-19 17:00:53.207 +04:30 [Information] Starting web host
2022-06-19 17:00:53.509 +04:30 [Fatal] Host terminated unexpectedly
System.AggregateException: Some services are not able to be constructed (Error while validating the service descriptor 'ServiceType: Margs.Api.Services.Interfaces.IJwtTokenGenerator Lifetime: Singleton ImplementationType: Margs.Api.Services.Authentication.JwtTokenGenerator': Unable to resolve service for type 'Margs.Api.Services.Authentication.JwtSetting' while attempting to activate 'Margs.Api.Services.Authentication.JwtTokenGenerator'.)
 ---> System.InvalidOperationException: Error while validating the service descriptor 'ServiceType: Margs.Api.Services.Interfaces.IJwtTokenGenerator Lifetime: Singleton ImplementationType: Margs.Api.Services.Authentication.JwtTokenGenerator': Unable to resolve service for type 'Margs.Api.Services.Authentication.JwtSetting' while attempting to activate 'Margs.Api.Services.Authentication.JwtTokenGenerator'.
 ---> System.InvalidOperationException: Unable to resolve service for type 'Margs.Api.Services.Authentication.JwtSetting' while attempting to activate 'Margs.Api.Services.Authentication.JwtTokenGenerator'.
   at Microsoft.Extensions.DependencyInjection.ServiceLookup.CallSiteFactory.CreateArgumentCallSites(Type implementationType, CallSiteChain callSiteChain, ParameterInfo[] parameters, Boolean throwIfCallSiteNotFound)
   at Microsoft.Extensions.DependencyInjection.ServiceLookup.CallSiteFactory.CreateConstructorCallSite(ResultCache lifetime, Type serviceType, Type implementationType, CallSiteChain callSiteChain)
   at Microsoft.Extensions.DependencyInjection.ServiceLookup.CallSiteFactory.TryCreateExact(ServiceDescriptor descriptor, Type serviceType, CallSiteChain callSiteChain, Int32 slot)
   at Microsoft.Extensions.DependencyInjection.ServiceLookup.CallSiteFactory.GetCallSite(ServiceDescriptor serviceDescriptor, CallSiteChain callSiteChain)
   at Microsoft.Extensions.DependencyInjection.ServiceProvider.ValidateService(ServiceDescriptor descriptor)
   --- End of inner exception stack trace ---
   at Microsoft.Extensions.DependencyInjection.ServiceProvider.ValidateService(ServiceDescriptor descriptor)
   at Microsoft.Extensions.DependencyInjection.ServiceProvider..ctor(ICollection`1 serviceDescriptors, ServiceProviderOptions options)
   --- End of inner exception stack trace ---
   at Microsoft.Extensions.DependencyInjection.ServiceProvider..ctor(ICollection`1 serviceDescriptors, ServiceProviderOptions options)
   at Microsoft.Extensions.DependencyInjection.ServiceCollectionContainerBuilderExtensions.BuildServiceProvider(IServiceCollection services, ServiceProviderOptions options)
   at Microsoft.Extensions.DependencyInjection.DefaultServiceProviderFactory.CreateServiceProvider(IServiceCollection containerBuilder)
   at Microsoft.Extensions.Hosting.Internal.ServiceFactoryAdapter`1.CreateServiceProvider(Object containerBuilder)
   at Microsoft.Extensions.Hosting.HostBuilder.CreateServiceProvider()
   at Microsoft.Extensions.Hosting.HostBuilder.Build()
   at Microsoft.AspNetCore.Builder.WebApplicationBuilder.Build()
   at Program.<Main>$(String[] args) in /home/maxena/Desktop/Projects/Margs/Margs.Api/Program.cs:line 37
2022-06-19 17:01:28.948 +04:30 [Information] Starting web host
2022-06-19 17:01:29.246 +04:30 [Fatal] Host terminated unexpectedly
System.AggregateException: Some services are not able to be constructed (Error while validating the service descriptor 'ServiceType: Margs.Api.Services.Interfaces.IJwtTokenGenerator Lifetime: Singleton ImplementationType: Margs.Api.Services.Authentication.JwtTokenGenerator': Unable to resolve service for type 'Margs.Api.Services.Authentication.JwtSetting' while attempting to activate 'Margs.Api.Services.Authentication.JwtTokenGenerator'.)
 ---> System.InvalidOperationException: Error while validating the service descriptor 'ServiceType: Margs.Api.Services.Interfaces.IJwtTokenGenerator Lifetime: Singleton ImplementationType: Margs.Api.Services.Authentication.JwtTokenGenerator': Unable to resolve service for type 'Margs.Api.Services.Authentication.JwtSetting' while attempting to activate 'Margs.Api.Services.Authentication.JwtTokenGenerator'.
 ---> System.InvalidOperationException: Unable to resolve service for type 'Margs.Api.Services.Authentication.JwtSetting' while attempting to activate 'Margs.Api.Services.Authentication.JwtTokenGenerator'.
   at Microsoft.Extensions.DependencyInjection.ServiceLookup.CallSiteFactory.CreateArgumentCallSites(Type implementationType, CallSiteChain callSiteChain, ParameterInfo[] parameters, Boolean throwIfCallSiteNotFound)
   at Microsoft.Extensions.DependencyInjection.ServiceLookup.CallSiteFactory.CreateConstructorCallSite(ResultCache lifetime, Type serviceType, Type implementationType, CallSiteChain callSiteChain)
   at Microsoft.Extensions.DependencyInjection.ServiceLookup.CallSiteFactory.TryCreateExact(ServiceDescriptor descriptor, Type serviceType, CallSiteChain callSiteChain, Int32 slot)
   at Microsoft.Extensions.DependencyInjection.ServiceLookup.CallSiteFactory.GetCallSite(ServiceDescriptor serviceDescriptor, CallSiteChain callSiteChain)
   at Microsoft.Extensions.DependencyInjection.ServiceProvider.ValidateService(ServiceDescriptor descriptor)
   --- End of inner exception stack trace ---
   at Microsoft.Extensions.DependencyInjection.ServiceProvider.ValidateService(ServiceDescriptor descriptor)
   at Microsoft.Extensions.DependencyInjection.ServiceProvider..ctor(ICollection`1 serviceDescriptors, ServiceProviderOptions options)
   --- End of inner exception stack trace ---
   at Microsoft.Extensions.DependencyInjection.ServiceProvider..ctor(ICollection`1 serviceDescriptors, ServiceProviderOptions options)
   at Microsoft.Extensions.DependencyInjection.ServiceCollectionContainerBuilderExtensions.BuildServiceProvider(IServiceCollection services, ServiceProviderOptions options)
   at Microsoft.Extensions.DependencyInjection.DefaultServiceProviderFactory.CreateServiceProvider(IServiceCollection containerBuilder)
   at Microsoft.Extensions.Hosting.Internal.ServiceFactoryAdapter`1.CreateServiceProvider(Object containerBuilder)
   at Microsoft.Extensions.Hosting.HostBuilder.CreateServiceProvider()
   at Microsoft.Extensions.Hosting.HostBuilder.Build()
   at Microsoft.AspNetCore.Builder.WebApplicationBuilder.Build()
   at Program.<Main>$(String[] args) in /home/maxena/Desktop/Projects/Margs/Margs.Api/Program.cs:line 37
2022-06-19 17:03:51.588 +04:30 [Information] Starting web host
2022-06-19 17:03:52.295 +04:30 [Information] Now listening on: "https://localhost:5001"
2022-06-19 17:03:52.330 +04:30 [Information] Now listening on: "http://localhost:5000"
2022-06-19 17:03:52.334 +04:30 [Information] Application started. Press Ctrl+C to shut down.
2022-06-19 17:03:52.397 +04:30 [Information] Hosting environment: "Development"
2022-06-19 17:03:52.405 +04:30 [Information] Content root path: "/home/maxena/Desktop/Projects/Margs/Margs.Api/"
